[2016-10-18 16:46:34] app.INFO: Matched route "GET_". {"route_parameters":{"_controller":"[object] (Closure: {})","_route":"GET_"},"request_uri":"http://php-docker.local:8080/"} []
[2016-10-18 16:46:34] app.DEBUG: > GET / [] []
[2016-10-18 16:46:34] app.DEBUG: < 302 /front/index.html [] []
[2016-10-18 16:46:34] app.INFO: Matched route "book-list". {"route_parameters":{"_controller":["[object] (IWG\\Controller\\BookController: {})","getListUnified"],"_route":"book-list"},"request_uri":"http://php-docker.local:8080/books/"} []
[2016-10-18 16:46:34] app.DEBUG: > GET /books/ [] []
[2016-10-18 16:46:34] app.INFO: Matched route "author-list". {"route_parameters":{"_controller":["[object] (IWG\\Controller\\AuthorController: {})","getListUnified"],"_route":"author-list"},"request_uri":"http://php-docker.local:8080/authors/"} []
[2016-10-18 16:46:34] app.DEBUG: > GET /authors/ [] []
[2016-10-18 16:46:34] app.CRITICAL: Doctrine\DBAL\Exception\ConnectionException: An exception occured in driver: SQLSTATE[08006] [7] could not connect to server: Connection refused 	Is the server running on host "localhost" (::1) and accepting 	TCP/IP connections on port 5432? could not connect to server: Connection refused 	Is the server running on host "localhost" (127.0.0.1) and accepting 	TCP/IP connections on port 5432? (uncaught exception) at /code/vendor/doctrine/dbal/lib/Doctrine/DBAL/Driver/AbstractPostgreSQLDriver.php line 85 {"exception":"[object] (Doctrine\\DBAL\\Exception\\ConnectionException(code: 0): An exception occured in driver: SQLSTATE[08006] [7] could not connect to server: Connection refused\n\tIs the server running on host \"localhost\" (::1) and accepting\n\tTCP/IP connections on port 5432?\ncould not connect to server: Connection refused\n\tIs the server running on host \"localhost\" (127.0.0.1) and accepting\n\tTCP/IP connections on port 5432? at /code/vendor/doctrine/dbal/lib/Doctrine/DBAL/Driver/AbstractPostgreSQLDriver.php:85, Doctrine\\DBAL\\Driver\\PDOException(code: 7): SQLSTATE[08006] [7] could not connect to server: Connection refused\n\tIs the server running on host \"localhost\" (::1) and accepting\n\tTCP/IP connections on port 5432?\ncould not connect to server: Connection refused\n\tIs the server running on host \"localhost\" (127.0.0.1) and accepting\n\tTCP/IP connections on port 5432? at /code/vendor/doctrine/dbal/lib/Doctrine/DBAL/Driver/PDOConnection.php:47, PDOException(code: 7): SQLSTATE[08006] [7] could not connect to server: Connection refused\n\tIs the server running on host \"localhost\" (::1) and accepting\n\tTCP/IP connections on port 5432?\ncould not connect to server: Connection refused\n\tIs the server running on host \"localhost\" (127.0.0.1) and accepting\n\tTCP/IP connections on port 5432? at /code/vendor/doctrine/dbal/lib/Doctrine/DBAL/Driver/PDOConnection.php:43)"} []
[2016-10-18 16:46:34] app.DEBUG: < 500 [] []
[2016-10-18 16:46:34] app.CRITICAL: Doctrine\DBAL\Exception\ConnectionException: An exception occured in driver: SQLSTATE[08006] [7] could not connect to server: Connection refused 	Is the server running on host "localhost" (::1) and accepting 	TCP/IP connections on port 5432? could not connect to server: Connection refused 	Is the server running on host "localhost" (127.0.0.1) and accepting 	TCP/IP connections on port 5432? (uncaught exception) at /code/vendor/doctrine/dbal/lib/Doctrine/DBAL/Driver/AbstractPostgreSQLDriver.php line 85 {"exception":"[object] (Doctrine\\DBAL\\Exception\\ConnectionException(code: 0): An exception occured in driver: SQLSTATE[08006] [7] could not connect to server: Connection refused\n\tIs the server running on host \"localhost\" (::1) and accepting\n\tTCP/IP connections on port 5432?\ncould not connect to server: Connection refused\n\tIs the server running on host \"localhost\" (127.0.0.1) and accepting\n\tTCP/IP connections on port 5432? at /code/vendor/doctrine/dbal/lib/Doctrine/DBAL/Driver/AbstractPostgreSQLDriver.php:85, Doctrine\\DBAL\\Driver\\PDOException(code: 7): SQLSTATE[08006] [7] could not connect to server: Connection refused\n\tIs the server running on host \"localhost\" (::1) and accepting\n\tTCP/IP connections on port 5432?\ncould not connect to server: Connection refused\n\tIs the server running on host \"localhost\" (127.0.0.1) and accepting\n\tTCP/IP connections on port 5432? at /code/vendor/doctrine/dbal/lib/Doctrine/DBAL/Driver/PDOConnection.php:47, PDOException(code: 7): SQLSTATE[08006] [7] could not connect to server: Connection refused\n\tIs the server running on host \"localhost\" (::1) and accepting\n\tTCP/IP connections on port 5432?\ncould not connect to server: Connection refused\n\tIs the server running on host \"localhost\" (127.0.0.1) and accepting\n\tTCP/IP connections on port 5432? at /code/vendor/doctrine/dbal/lib/Doctrine/DBAL/Driver/PDOConnection.php:43)"} []
[2016-10-18 16:46:34] app.DEBUG: < 500 [] []
[2016-10-18 16:46:34] app.INFO: Matched route "category-list". {"route_parameters":{"_controller":["[object] (IWG\\Controller\\CategoryController: {})","getListUnified"],"_route":"category-list"},"request_uri":"http://php-docker.local:8080/categories/"} []
[2016-10-18 16:46:34] app.DEBUG: > GET /categories/ [] []
[2016-10-18 16:46:34] app.CRITICAL: Doctrine\DBAL\Exception\ConnectionException: An exception occured in driver: SQLSTATE[08006] [7] could not connect to server: Connection refused 	Is the server running on host "localhost" (::1) and accepting 	TCP/IP connections on port 5432? could not connect to server: Connection refused 	Is the server running on host "localhost" (127.0.0.1) and accepting 	TCP/IP connections on port 5432? (uncaught exception) at /code/vendor/doctrine/dbal/lib/Doctrine/DBAL/Driver/AbstractPostgreSQLDriver.php line 85 {"exception":"[object] (Doctrine\\DBAL\\Exception\\ConnectionException(code: 0): An exception occured in driver: SQLSTATE[08006] [7] could not connect to server: Connection refused\n\tIs the server running on host \"localhost\" (::1) and accepting\n\tTCP/IP connections on port 5432?\ncould not connect to server: Connection refused\n\tIs the server running on host \"localhost\" (127.0.0.1) and accepting\n\tTCP/IP connections on port 5432? at /code/vendor/doctrine/dbal/lib/Doctrine/DBAL/Driver/AbstractPostgreSQLDriver.php:85, Doctrine\\DBAL\\Driver\\PDOException(code: 7): SQLSTATE[08006] [7] could not connect to server: Connection refused\n\tIs the server running on host \"localhost\" (::1) and accepting\n\tTCP/IP connections on port 5432?\ncould not connect to server: Connection refused\n\tIs the server running on host \"localhost\" (127.0.0.1) and accepting\n\tTCP/IP connections on port 5432? at /code/vendor/doctrine/dbal/lib/Doctrine/DBAL/Driver/PDOConnection.php:47, PDOException(code: 7): SQLSTATE[08006] [7] could not connect to server: Connection refused\n\tIs the server running on host \"localhost\" (::1) and accepting\n\tTCP/IP connections on port 5432?\ncould not connect to server: Connection refused\n\tIs the server running on host \"localhost\" (127.0.0.1) and accepting\n\tTCP/IP connections on port 5432? at /code/vendor/doctrine/dbal/lib/Doctrine/DBAL/Driver/PDOConnection.php:43)"} []
[2016-10-18 16:46:34] app.DEBUG: < 500 [] []
[2016-10-18 16:46:34] app.ERROR: Symfony\Component\HttpKernel\Exception\NotFoundHttpException: No route found for "GET /favicon.ico" (from "http://php-docker.local:8080/front/index.html") (uncaught exception) at /code/vendor/symfony/http-kernel/EventListener/RouterListener.php line 123 {"exception":"[object] (Symfony\\Component\\HttpKernel\\Exception\\NotFoundHttpException(code: 0): No route found for \"GET /favicon.ico\" (from \"http://php-docker.local:8080/front/index.html\") at /code/vendor/symfony/http-kernel/EventListener/RouterListener.php:123, Symfony\\Component\\Routing\\Exception\\ResourceNotFoundException(code: 0): No routes found for \"/favicon.ico\". at /code/vendor/symfony/routing/Matcher/UrlMatcher.php:98)"} []
[2016-10-18 16:46:34] app.DEBUG: < 404 [] []
[2016-10-18 16:54:32] app.INFO: Matched route "book-list". {"route_parameters":{"_controller":["[object] (IWG\\Controller\\BookController: {})","getListUnified"],"_route":"book-list"},"request_uri":"http://php-docker.local:8080/books/"} []
[2016-10-18 16:54:32] app.DEBUG: > GET /books/ [] []
[2016-10-18 16:54:32] app.INFO: Matched route "author-list". {"route_parameters":{"_controller":["[object] (IWG\\Controller\\AuthorController: {})","getListUnified"],"_route":"author-list"},"request_uri":"http://php-docker.local:8080/authors/"} []
[2016-10-18 16:54:32] app.DEBUG: > GET /authors/ [] []
[2016-10-18 16:54:32] app.INFO: Matched route "category-list". {"route_parameters":{"_controller":["[object] (IWG\\Controller\\CategoryController: {})","getListUnified"],"_route":"category-list"},"request_uri":"http://php-docker.local:8080/categories/"} []
[2016-10-18 16:54:32] app.DEBUG: > GET /categories/ [] []
[2016-10-18 16:54:55] app.INFO: Matched route "author-list". {"route_parameters":{"_controller":["[object] (IWG\\Controller\\AuthorController: {})","getListUnified"],"_route":"author-list"},"request_uri":"http://php-docker.local:8080/authors/"} []
[2016-10-18 16:54:55] app.DEBUG: > GET /authors/ [] []
[2016-10-18 16:54:56] app.INFO: Matched route "category-list". {"route_parameters":{"_controller":["[object] (IWG\\Controller\\CategoryController: {})","getListUnified"],"_route":"category-list"},"request_uri":"http://php-docker.local:8080/categories/"} []
[2016-10-18 16:54:56] app.DEBUG: > GET /categories/ [] []
[2016-10-18 16:55:02] app.CRITICAL: Doctrine\DBAL\Exception\ConnectionException: An exception occured in driver: SQLSTATE[08006] [7] timeout expired (uncaught exception) at /code/vendor/doctrine/dbal/lib/Doctrine/DBAL/Driver/AbstractPostgreSQLDriver.php line 85 {"exception":"[object] (Doctrine\\DBAL\\Exception\\ConnectionException(code: 0): An exception occured in driver: SQLSTATE[08006] [7] timeout expired at /code/vendor/doctrine/dbal/lib/Doctrine/DBAL/Driver/AbstractPostgreSQLDriver.php:85, Doctrine\\DBAL\\Driver\\PDOException(code: 7): SQLSTATE[08006] [7] timeout expired at /code/vendor/doctrine/dbal/lib/Doctrine/DBAL/Driver/PDOConnection.php:47, PDOException(code: 7): SQLSTATE[08006] [7] timeout expired at /code/vendor/doctrine/dbal/lib/Doctrine/DBAL/Driver/PDOConnection.php:43)"} []
[2016-10-18 16:55:02] app.CRITICAL: Doctrine\DBAL\Exception\ConnectionException: An exception occured in driver: SQLSTATE[08006] [7] timeout expired (uncaught exception) at /code/vendor/doctrine/dbal/lib/Doctrine/DBAL/Driver/AbstractPostgreSQLDriver.php line 85 {"exception":"[object] (Doctrine\\DBAL\\Exception\\ConnectionException(code: 0): An exception occured in driver: SQLSTATE[08006] [7] timeout expired at /code/vendor/doctrine/dbal/lib/Doctrine/DBAL/Driver/AbstractPostgreSQLDriver.php:85, Doctrine\\DBAL\\Driver\\PDOException(code: 7): SQLSTATE[08006] [7] timeout expired at /code/vendor/doctrine/dbal/lib/Doctrine/DBAL/Driver/PDOConnection.php:47, PDOException(code: 7): SQLSTATE[08006] [7] timeout expired at /code/vendor/doctrine/dbal/lib/Doctrine/DBAL/Driver/PDOConnection.php:43)"} []
[2016-10-18 16:55:02] app.DEBUG: < 500 [] []
[2016-10-18 16:55:02] app.DEBUG: < 500 [] []
[2016-10-18 16:55:02] app.INFO: Matched route "category-list". {"route_parameters":{"_controller":["[object] (IWG\\Controller\\CategoryController: {})","getListUnified"],"_route":"category-list"},"request_uri":"http://php-docker.local:8080/categories/"} []
[2016-10-18 16:55:02] app.DEBUG: > GET /categories/ [] []
[2016-10-18 16:55:02] app.INFO: Matched route "author-list". {"route_parameters":{"_controller":["[object] (IWG\\Controller\\AuthorController: {})","getListUnified"],"_route":"author-list"},"request_uri":"http://php-docker.local:8080/authors/"} []
[2016-10-18 16:55:02] app.DEBUG: > GET /authors/ [] []
[2016-10-18 16:55:02] app.CRITICAL: Doctrine\DBAL\Exception\ConnectionException: An exception occured in driver: SQLSTATE[08006] [7] timeout expired (uncaught exception) at /code/vendor/doctrine/dbal/lib/Doctrine/DBAL/Driver/AbstractPostgreSQLDriver.php line 85 {"exception":"[object] (Doctrine\\DBAL\\Exception\\ConnectionException(code: 0): An exception occured in driver: SQLSTATE[08006] [7] timeout expired at /code/vendor/doctrine/dbal/lib/Doctrine/DBAL/Driver/AbstractPostgreSQLDriver.php:85, Doctrine\\DBAL\\Driver\\PDOException(code: 7): SQLSTATE[08006] [7] timeout expired at /code/vendor/doctrine/dbal/lib/Doctrine/DBAL/Driver/PDOConnection.php:47, PDOException(code: 7): SQLSTATE[08006] [7] timeout expired at /code/vendor/doctrine/dbal/lib/Doctrine/DBAL/Driver/PDOConnection.php:43)"} []
[2016-10-18 16:55:03] app.DEBUG: < 500 [] []
[2016-10-18 16:55:03] app.INFO: Matched route "book-list". {"route_parameters":{"_controller":["[object] (IWG\\Controller\\BookController: {})","getListUnified"],"_route":"book-list"},"request_uri":"http://php-docker.local:8080/books/"} []
[2016-10-18 16:55:03] app.DEBUG: > GET /books/ [] []
[2016-10-18 16:55:25] app.CRITICAL: Doctrine\DBAL\Exception\ConnectionException: An exception occured in driver: SQLSTATE[08006] [7] timeout expired (uncaught exception) at /code/vendor/doctrine/dbal/lib/Doctrine/DBAL/Driver/AbstractPostgreSQLDriver.php line 85 {"exception":"[object] (Doctrine\\DBAL\\Exception\\ConnectionException(code: 0): An exception occured in driver: SQLSTATE[08006] [7] timeout expired at /code/vendor/doctrine/dbal/lib/Doctrine/DBAL/Driver/AbstractPostgreSQLDriver.php:85, Doctrine\\DBAL\\Driver\\PDOException(code: 7): SQLSTATE[08006] [7] timeout expired at /code/vendor/doctrine/dbal/lib/Doctrine/DBAL/Driver/PDOConnection.php:47, PDOException(code: 7): SQLSTATE[08006] [7] timeout expired at /code/vendor/doctrine/dbal/lib/Doctrine/DBAL/Driver/PDOConnection.php:43)"} []
[2016-10-18 16:55:25] app.DEBUG: < 500 [] []
[2016-10-18 16:55:25] app.INFO: Matched route "author-list". {"route_parameters":{"_controller":["[object] (IWG\\Controller\\AuthorController: {})","getListUnified"],"_route":"author-list"},"request_uri":"http://php-docker.local:8080/authors/"} []
[2016-10-18 16:55:25] app.DEBUG: > GET /authors/ [] []
[2016-10-18 16:55:26] app.CRITICAL: Doctrine\DBAL\Exception\ConnectionException: An exception occured in driver: SQLSTATE[08006] [7] timeout expired (uncaught exception) at /code/vendor/doctrine/dbal/lib/Doctrine/DBAL/Driver/AbstractPostgreSQLDriver.php line 85 {"exception":"[object] (Doctrine\\DBAL\\Exception\\ConnectionException(code: 0): An exception occured in driver: SQLSTATE[08006] [7] timeout expired at /code/vendor/doctrine/dbal/lib/Doctrine/DBAL/Driver/AbstractPostgreSQLDriver.php:85, Doctrine\\DBAL\\Driver\\PDOException(code: 7): SQLSTATE[08006] [7] timeout expired at /code/vendor/doctrine/dbal/lib/Doctrine/DBAL/Driver/PDOConnection.php:47, PDOException(code: 7): SQLSTATE[08006] [7] timeout expired at /code/vendor/doctrine/dbal/lib/Doctrine/DBAL/Driver/PDOConnection.php:43)"} []
[2016-10-18 16:55:26] app.DEBUG: < 500 [] []
[2016-10-18 16:55:26] app.INFO: Matched route "category-list". {"route_parameters":{"_controller":["[object] (IWG\\Controller\\CategoryController: {})","getListUnified"],"_route":"category-list"},"request_uri":"http://php-docker.local:8080/categories/"} []
[2016-10-18 16:55:26] app.DEBUG: > GET /categories/ [] []
[2016-10-18 16:55:32] app.CRITICAL: Doctrine\DBAL\Exception\ConnectionException: An exception occured in driver: SQLSTATE[08006] [7] timeout expired (uncaught exception) at /code/vendor/doctrine/dbal/lib/Doctrine/DBAL/Driver/AbstractPostgreSQLDriver.php line 85 {"exception":"[object] (Doctrine\\DBAL\\Exception\\ConnectionException(code: 0): An exception occured in driver: SQLSTATE[08006] [7] timeout expired at /code/vendor/doctrine/dbal/lib/Doctrine/DBAL/Driver/AbstractPostgreSQLDriver.php:85, Doctrine\\DBAL\\Driver\\PDOException(code: 7): SQLSTATE[08006] [7] timeout expired at /code/vendor/doctrine/dbal/lib/Doctrine/DBAL/Driver/PDOConnection.php:47, PDOException(code: 7): SQLSTATE[08006] [7] timeout expired at /code/vendor/doctrine/dbal/lib/Doctrine/DBAL/Driver/PDOConnection.php:43)"} []
[2016-10-18 16:55:32] app.DEBUG: < 500 [] []
[2016-10-18 16:55:32] app.CRITICAL: Doctrine\DBAL\Exception\ConnectionException: An exception occured in driver: SQLSTATE[08006] [7] timeout expired (uncaught exception) at /code/vendor/doctrine/dbal/lib/Doctrine/DBAL/Driver/AbstractPostgreSQLDriver.php line 85 {"exception":"[object] (Doctrine\\DBAL\\Exception\\ConnectionException(code: 0): An exception occured in driver: SQLSTATE[08006] [7] timeout expired at /code/vendor/doctrine/dbal/lib/Doctrine/DBAL/Driver/AbstractPostgreSQLDriver.php:85, Doctrine\\DBAL\\Driver\\PDOException(code: 7): SQLSTATE[08006] [7] timeout expired at /code/vendor/doctrine/dbal/lib/Doctrine/DBAL/Driver/PDOConnection.php:47, PDOException(code: 7): SQLSTATE[08006] [7] timeout expired at /code/vendor/doctrine/dbal/lib/Doctrine/DBAL/Driver/PDOConnection.php:43)"} []
[2016-10-18 16:55:32] app.DEBUG: < 500 [] []
[2016-10-18 16:55:32] app.INFO: Matched route "category-list". {"route_parameters":{"_controller":["[object] (IWG\\Controller\\CategoryController: {})","getListUnified"],"_route":"category-list"},"request_uri":"http://php-docker.local:8080/categories/"} []
[2016-10-18 16:55:32] app.DEBUG: > GET /categories/ [] []
[2016-10-18 16:55:33] app.CRITICAL: Doctrine\DBAL\Exception\ConnectionException: An exception occured in driver: SQLSTATE[08006] [7] timeout expired (uncaught exception) at /code/vendor/doctrine/dbal/lib/Doctrine/DBAL/Driver/AbstractPostgreSQLDriver.php line 85 {"exception":"[object] (Doctrine\\DBAL\\Exception\\ConnectionException(code: 0): An exception occured in driver: SQLSTATE[08006] [7] timeout expired at /code/vendor/doctrine/dbal/lib/Doctrine/DBAL/Driver/AbstractPostgreSQLDriver.php:85, Doctrine\\DBAL\\Driver\\PDOException(code: 7): SQLSTATE[08006] [7] timeout expired at /code/vendor/doctrine/dbal/lib/Doctrine/DBAL/Driver/PDOConnection.php:47, PDOException(code: 7): SQLSTATE[08006] [7] timeout expired at /code/vendor/doctrine/dbal/lib/Doctrine/DBAL/Driver/PDOConnection.php:43)"} []
[2016-10-18 16:55:33] app.DEBUG: < 500 [] []
[2016-10-18 16:55:55] app.CRITICAL: Doctrine\DBAL\Exception\ConnectionException: An exception occured in driver: SQLSTATE[08006] [7] timeout expired (uncaught exception) at /code/vendor/doctrine/dbal/lib/Doctrine/DBAL/Driver/AbstractPostgreSQLDriver.php line 85 {"exception":"[object] (Doctrine\\DBAL\\Exception\\ConnectionException(code: 0): An exception occured in driver: SQLSTATE[08006] [7] timeout expired at /code/vendor/doctrine/dbal/lib/Doctrine/DBAL/Driver/AbstractPostgreSQLDriver.php:85, Doctrine\\DBAL\\Driver\\PDOException(code: 7): SQLSTATE[08006] [7] timeout expired at /code/vendor/doctrine/dbal/lib/Doctrine/DBAL/Driver/PDOConnection.php:47, PDOException(code: 7): SQLSTATE[08006] [7] timeout expired at /code/vendor/doctrine/dbal/lib/Doctrine/DBAL/Driver/PDOConnection.php:43)"} []
[2016-10-18 16:55:55] app.DEBUG: < 500 [] []
[2016-10-18 16:55:57] app.CRITICAL: Doctrine\DBAL\Exception\ConnectionException: An exception occured in driver: SQLSTATE[08006] [7] timeout expired (uncaught exception) at /code/vendor/doctrine/dbal/lib/Doctrine/DBAL/Driver/AbstractPostgreSQLDriver.php line 85 {"exception":"[object] (Doctrine\\DBAL\\Exception\\ConnectionException(code: 0): An exception occured in driver: SQLSTATE[08006] [7] timeout expired at /code/vendor/doctrine/dbal/lib/Doctrine/DBAL/Driver/AbstractPostgreSQLDriver.php:85, Doctrine\\DBAL\\Driver\\PDOException(code: 7): SQLSTATE[08006] [7] timeout expired at /code/vendor/doctrine/dbal/lib/Doctrine/DBAL/Driver/PDOConnection.php:47, PDOException(code: 7): SQLSTATE[08006] [7] timeout expired at /code/vendor/doctrine/dbal/lib/Doctrine/DBAL/Driver/PDOConnection.php:43)"} []
[2016-10-18 16:55:57] app.DEBUG: < 500 [] []
[2016-10-18 16:56:02] app.CRITICAL: Doctrine\DBAL\Exception\ConnectionException: An exception occured in driver: SQLSTATE[08006] [7] timeout expired (uncaught exception) at /code/vendor/doctrine/dbal/lib/Doctrine/DBAL/Driver/AbstractPostgreSQLDriver.php line 85 {"exception":"[object] (Doctrine\\DBAL\\Exception\\ConnectionException(code: 0): An exception occured in driver: SQLSTATE[08006] [7] timeout expired at /code/vendor/doctrine/dbal/lib/Doctrine/DBAL/Driver/AbstractPostgreSQLDriver.php:85, Doctrine\\DBAL\\Driver\\PDOException(code: 7): SQLSTATE[08006] [7] timeout expired at /code/vendor/doctrine/dbal/lib/Doctrine/DBAL/Driver/PDOConnection.php:47, PDOException(code: 7): SQLSTATE[08006] [7] timeout expired at /code/vendor/doctrine/dbal/lib/Doctrine/DBAL/Driver/PDOConnection.php:43)"} []
[2016-10-18 16:56:02] app.DEBUG: < 500 [] []
[2016-10-18 16:56:22] app.INFO: Matched route "category-list". {"route_parameters":{"_controller":["[object] (IWG\\Controller\\CategoryController: {})","getListUnified"],"_route":"category-list"},"request_uri":"http://php-docker.local:8080/categories/"} []
[2016-10-18 16:56:22] app.DEBUG: > GET /categories/ [] []
[2016-10-18 16:56:22] app.INFO: Matched route "author-list". {"route_parameters":{"_controller":["[object] (IWG\\Controller\\AuthorController: {})","getListUnified"],"_route":"author-list"},"request_uri":"http://php-docker.local:8080/authors/"} []
[2016-10-18 16:56:22] app.DEBUG: > GET /authors/ [] []
[2016-10-18 16:56:22] app.INFO: Matched route "book-list". {"route_parameters":{"_controller":["[object] (IWG\\Controller\\BookController: {})","getListUnified"],"_route":"book-list"},"request_uri":"http://php-docker.local:8080/books/"} []
[2016-10-18 16:56:22] app.DEBUG: > GET /books/ [] []
[2016-10-18 16:56:22] app.DEBUG: < 200 [] []
[2016-10-18 16:56:22] app.DEBUG: < 200 [] []
[2016-10-18 16:56:22] app.DEBUG: < 200 [] []
[2016-10-18 16:56:25] app.INFO: Matched route "category-list". {"route_parameters":{"_controller":["[object] (IWG\\Controller\\CategoryController: {})","getListUnified"],"_route":"category-list"},"request_uri":"http://php-docker.local:8080/categories/"} []
[2016-10-18 16:56:25] app.DEBUG: > GET /categories/ [] []
[2016-10-18 16:56:25] app.DEBUG: < 200 [] []
[2016-10-18 16:56:27] app.INFO: Matched route "author-list". {"route_parameters":{"_controller":["[object] (IWG\\Controller\\AuthorController: {})","getListUnified"],"_route":"author-list"},"request_uri":"http://php-docker.local:8080/authors/"} []
[2016-10-18 16:56:27] app.DEBUG: > GET /authors/ [] []
[2016-10-18 16:56:27] app.DEBUG: < 200 [] []
[2016-10-18 16:56:28] app.INFO: Matched route "book-list". {"route_parameters":{"_controller":["[object] (IWG\\Controller\\BookController: {})","getListUnified"],"_route":"book-list"},"request_uri":"http://php-docker.local:8080/books/"} []
[2016-10-18 16:56:28] app.DEBUG: > GET /books/ [] []
[2016-10-18 16:56:28] app.INFO: Matched route "author-list". {"route_parameters":{"_controller":["[object] (IWG\\Controller\\AuthorController: {})","getListUnified"],"_route":"author-list"},"request_uri":"http://php-docker.local:8080/authors/"} []
[2016-10-18 16:56:28] app.DEBUG: > GET /authors/ [] []
[2016-10-18 16:56:28] app.INFO: Matched route "category-list". {"route_parameters":{"_controller":["[object] (IWG\\Controller\\CategoryController: {})","getListUnified"],"_route":"category-list"},"request_uri":"http://php-docker.local:8080/categories/"} []
[2016-10-18 16:56:28] app.DEBUG: > GET /categories/ [] []
[2016-10-18 16:56:28] app.DEBUG: < 200 [] []
[2016-10-18 16:56:28] app.DEBUG: < 200 [] []
[2016-10-18 16:56:28] app.DEBUG: < 200 [] []
[2016-10-18 16:56:28] app.INFO: Matched route "author-list". {"route_parameters":{"_controller":["[object] (IWG\\Controller\\AuthorController: {})","getListUnified"],"_route":"author-list"},"request_uri":"http://php-docker.local:8080/authors/"} []
[2016-10-18 16:56:28] app.DEBUG: > GET /authors/ [] []
[2016-10-18 16:56:29] app.DEBUG: < 200 [] []
[2016-10-18 16:56:29] app.INFO: Matched route "category-list". {"route_parameters":{"_controller":["[object] (IWG\\Controller\\CategoryController: {})","getListUnified"],"_route":"category-list"},"request_uri":"http://php-docker.local:8080/categories/"} []
[2016-10-18 16:56:29] app.DEBUG: > GET /categories/ [] []
[2016-10-18 16:56:29] app.DEBUG: < 200 [] []
[2016-10-18 16:56:30] app.INFO: Matched route "author-list". {"route_parameters":{"_controller":["[object] (IWG\\Controller\\AuthorController: {})","getListUnified"],"_route":"author-list"},"request_uri":"http://php-docker.local:8080/authors/"} []
[2016-10-18 16:56:30] app.DEBUG: > GET /authors/ [] []
[2016-10-18 16:56:30] app.DEBUG: < 200 [] []
[2016-10-18 16:56:30] app.INFO: Matched route "author-list". {"route_parameters":{"_controller":["[object] (IWG\\Controller\\AuthorController: {})","getListUnified"],"_route":"author-list"},"request_uri":"http://php-docker.local:8080/authors/"} []
[2016-10-18 16:56:30] app.DEBUG: > GET /authors/ [] []
[2016-10-18 16:56:30] app.INFO: Matched route "book-list". {"route_parameters":{"_controller":["[object] (IWG\\Controller\\BookController: {})","getListUnified"],"_route":"book-list"},"request_uri":"http://php-docker.local:8080/books/"} []
[2016-10-18 16:56:30] app.DEBUG: > GET /books/ [] []
[2016-10-18 16:56:30] app.INFO: Matched route "category-list". {"route_parameters":{"_controller":["[object] (IWG\\Controller\\CategoryController: {})","getListUnified"],"_route":"category-list"},"request_uri":"http://php-docker.local:8080/categories/"} []
[2016-10-18 16:56:30] app.DEBUG: > GET /categories/ [] []
[2016-10-18 16:56:30] app.DEBUG: < 200 [] []
[2016-10-18 16:56:30] app.DEBUG: < 200 [] []
[2016-10-18 16:56:30] app.DEBUG: < 200 [] []
[2016-10-18 16:56:32] app.INFO: Matched route "author-list". {"route_parameters":{"_controller":["[object] (IWG\\Controller\\AuthorController: {})","getListUnified"],"_route":"author-list"},"request_uri":"http://php-docker.local:8080/authors/"} []
[2016-10-18 16:56:32] app.DEBUG: > GET /authors/ [] []
[2016-10-18 16:56:32] app.DEBUG: < 200 [] []
[2016-10-18 16:56:32] app.INFO: Matched route "category-list". {"route_parameters":{"_controller":["[object] (IWG\\Controller\\CategoryController: {})","getListUnified"],"_route":"category-list"},"request_uri":"http://php-docker.local:8080/categories/"} []
[2016-10-18 16:56:32] app.DEBUG: > GET /categories/ [] []
[2016-10-18 16:56:32] app.DEBUG: < 200 [] []
[2016-10-18 16:56:33] app.INFO: Matched route "author-list". {"route_parameters":{"_controller":["[object] (IWG\\Controller\\AuthorController: {})","getListUnified"],"_route":"author-list"},"request_uri":"http://php-docker.local:8080/authors/"} []
[2016-10-18 16:56:33] app.DEBUG: > GET /authors/ [] []
[2016-10-18 16:56:33] app.DEBUG: < 200 [] []
[2016-10-18 16:56:33] app.INFO: Matched route "book-list". {"route_parameters":{"_controller":["[object] (IWG\\Controller\\BookController: {})","getListUnified"],"_route":"book-list"},"request_uri":"http://php-docker.local:8080/books/"} []
[2016-10-18 16:56:33] app.DEBUG: > GET /books/ [] []
[2016-10-18 16:56:33] app.INFO: Matched route "author-list". {"route_parameters":{"_controller":["[object] (IWG\\Controller\\AuthorController: {})","getListUnified"],"_route":"author-list"},"request_uri":"http://php-docker.local:8080/authors/"} []
[2016-10-18 16:56:33] app.DEBUG: > GET /authors/ [] []
[2016-10-18 16:56:33] app.INFO: Matched route "category-list". {"route_parameters":{"_controller":["[object] (IWG\\Controller\\CategoryController: {})","getListUnified"],"_route":"category-list"},"request_uri":"http://php-docker.local:8080/categories/"} []
[2016-10-18 16:56:33] app.DEBUG: > GET /categories/ [] []
[2016-10-18 16:56:33] app.DEBUG: < 200 [] []
[2016-10-18 16:56:34] app.DEBUG: < 200 [] []
[2016-10-18 16:56:34] app.DEBUG: < 200 [] []
[2016-10-18 16:56:46] app.INFO: Matched route "author-list". {"route_parameters":{"_controller":["[object] (IWG\\Controller\\AuthorController: {})","getListUnified"],"_route":"author-list"},"request_uri":"http://php-docker.local:8080/authors/"} []
[2016-10-18 16:56:46] app.DEBUG: > GET /authors/ [] []
[2016-10-18 16:56:46] app.DEBUG: < 200 [] []
[2016-10-18 16:56:46] app.INFO: Matched route "category-list". {"route_parameters":{"_controller":["[object] (IWG\\Controller\\CategoryController: {})","getListUnified"],"_route":"category-list"},"request_uri":"http://php-docker.local:8080/categories/"} []
[2016-10-18 16:56:46] app.DEBUG: > GET /categories/ [] []
[2016-10-18 16:56:46] app.DEBUG: < 200 [] []
[2016-10-18 16:56:47] app.INFO: Matched route "author-list". {"route_parameters":{"_controller":["[object] (IWG\\Controller\\AuthorController: {})","getListUnified"],"_route":"author-list"},"request_uri":"http://php-docker.local:8080/authors/"} []
[2016-10-18 16:56:47] app.DEBUG: > GET /authors/ [] []
[2016-10-18 16:56:47] app.DEBUG: < 200 [] []
[2016-10-18 16:56:47] app.INFO: Matched route "book-list". {"route_parameters":{"_controller":["[object] (IWG\\Controller\\BookController: {})","getListUnified"],"_route":"book-list"},"request_uri":"http://php-docker.local:8080/books/"} []
[2016-10-18 16:56:47] app.DEBUG: > GET /books/ [] []
[2016-10-18 16:56:47] app.INFO: Matched route "author-list". {"route_parameters":{"_controller":["[object] (IWG\\Controller\\AuthorController: {})","getListUnified"],"_route":"author-list"},"request_uri":"http://php-docker.local:8080/authors/"} []
[2016-10-18 16:56:47] app.DEBUG: > GET /authors/ [] []
[2016-10-18 16:56:47] app.INFO: Matched route "category-list". {"route_parameters":{"_controller":["[object] (IWG\\Controller\\CategoryController: {})","getListUnified"],"_route":"category-list"},"request_uri":"http://php-docker.local:8080/categories/"} []
[2016-10-18 16:56:47] app.DEBUG: > GET /categories/ [] []
[2016-10-18 16:56:47] app.DEBUG: < 200 [] []
[2016-10-18 16:56:47] app.DEBUG: < 200 [] []
[2016-10-18 16:56:47] app.DEBUG: < 200 [] []
[2016-10-18 21:36:50] app.INFO: Matched route "GET_". {"route_parameters":{"_controller":"[object] (Closure: {})","_route":"GET_"},"request_uri":"http://php-docker.local:8080/"} []
[2016-10-18 21:36:50] app.DEBUG: > GET / [] []
[2016-10-18 21:36:50] app.DEBUG: < 302 /front/index.html [] []
[2016-10-18 21:36:51] app.INFO: Matched route "book-list". {"route_parameters":{"_controller":["[object] (IWG\\Controller\\BookController: {})","getListUnified"],"_route":"book-list"},"request_uri":"http://php-docker.local:8080/books/"} []
[2016-10-18 21:36:51] app.DEBUG: > GET /books/ [] []
[2016-10-18 21:36:51] app.INFO: Matched route "author-list". {"route_parameters":{"_controller":["[object] (IWG\\Controller\\AuthorController: {})","getListUnified"],"_route":"author-list"},"request_uri":"http://php-docker.local:8080/authors/"} []
[2016-10-18 21:36:51] app.DEBUG: > GET /authors/ [] []
[2016-10-18 21:36:51] app.DEBUG: < 200 [] []
[2016-10-18 21:36:51] app.INFO: Matched route "category-list". {"route_parameters":{"_controller":["[object] (IWG\\Controller\\CategoryController: {})","getListUnified"],"_route":"category-list"},"request_uri":"http://php-docker.local:8080/categories/"} []
[2016-10-18 21:36:51] app.DEBUG: > GET /categories/ [] []
[2016-10-18 21:36:51] app.DEBUG: < 200 [] []
[2016-10-18 21:36:51] app.ERROR: Symfony\Component\HttpKernel\Exception\NotFoundHttpException: No route found for "GET /favicon.ico" (from "http://php-docker.local:8080/front/index.html") (uncaught exception) at /code/vendor/symfony/http-kernel/EventListener/RouterListener.php line 123 {"exception":"[object] (Symfony\\Component\\HttpKernel\\Exception\\NotFoundHttpException(code: 0): No route found for \"GET /favicon.ico\" (from \"http://php-docker.local:8080/front/index.html\") at /code/vendor/symfony/http-kernel/EventListener/RouterListener.php:123, Symfony\\Component\\Routing\\Exception\\ResourceNotFoundException(code: 0): No routes found for \"/favicon.ico\". at /code/vendor/symfony/routing/Matcher/UrlMatcher.php:98)"} []
[2016-10-18 21:36:51] app.DEBUG: < 404 [] []
[2016-10-18 21:36:51] app.DEBUG: < 200 [] []
[2016-10-18 21:36:55] app.INFO: Matched route "author-list". {"route_parameters":{"_controller":["[object] (IWG\\Controller\\AuthorController: {})","getListUnified"],"_route":"author-list"},"request_uri":"http://php-docker.local:8080/authors/"} []
[2016-10-18 21:36:55] app.DEBUG: > GET /authors/ [] []
[2016-10-18 21:36:55] app.DEBUG: < 200 [] []
[2016-10-18 21:36:56] app.INFO: Matched route "category-list". {"route_parameters":{"_controller":["[object] (IWG\\Controller\\CategoryController: {})","getListUnified"],"_route":"category-list"},"request_uri":"http://php-docker.local:8080/categories/"} []
[2016-10-18 21:36:56] app.DEBUG: > GET /categories/ [] []
[2016-10-18 21:36:56] app.DEBUG: < 200 [] []
[2016-10-18 21:36:58] app.INFO: Matched route "author-list". {"route_parameters":{"_controller":["[object] (IWG\\Controller\\AuthorController: {})","getListUnified"],"_route":"author-list"},"request_uri":"http://php-docker.local:8080/authors/"} []
[2016-10-18 21:36:58] app.DEBUG: > GET /authors/ [] []
[2016-10-18 21:36:58] app.DEBUG: < 200 [] []
[2016-10-18 21:36:58] app.INFO: Matched route "author-list". {"route_parameters":{"_controller":["[object] (IWG\\Controller\\AuthorController: {})","getListUnified"],"_route":"author-list"},"request_uri":"http://php-docker.local:8080/authors/"} []
[2016-10-18 21:36:58] app.DEBUG: > GET /authors/ [] []
[2016-10-18 21:36:58] app.INFO: Matched route "book-list". {"route_parameters":{"_controller":["[object] (IWG\\Controller\\BookController: {})","getListUnified"],"_route":"book-list"},"request_uri":"http://php-docker.local:8080/books/"} []
[2016-10-18 21:36:58] app.DEBUG: > GET /books/ [] []
[2016-10-18 21:36:58] app.DEBUG: < 200 [] []
[2016-10-18 21:36:58] app.DEBUG: < 200 [] []
[2016-10-18 21:36:58] app.INFO: Matched route "category-list". {"route_parameters":{"_controller":["[object] (IWG\\Controller\\CategoryController: {})","getListUnified"],"_route":"category-list"},"request_uri":"http://php-docker.local:8080/categories/"} []
[2016-10-18 21:36:58] app.DEBUG: > GET /categories/ [] []
[2016-10-18 21:36:58] app.DEBUG: < 200 [] []
[2016-10-18 21:37:43] app.INFO: Matched route "category-list". {"route_parameters":{"_controller":["[object] (IWG\\Controller\\CategoryController: {})","getListUnified"],"_route":"category-list"},"request_uri":"http://php-docker.local:8080/categories/"} []
[2016-10-18 21:37:43] app.DEBUG: > GET /categories/ [] []
[2016-10-18 21:37:43] app.DEBUG: < 200 [] []
[2016-10-18 21:37:46] app.INFO: Matched route "POST_categories_". {"route_parameters":{"_controller":["[object] (IWG\\Controller\\CategoryController: {})","postEntityUnified"],"_route":"POST_categories_"},"request_uri":"http://php-docker.local:8080/categories/"} []
[2016-10-18 21:37:46] app.DEBUG: > POST /categories/ [] []
[2016-10-18 21:37:46] app.CRITICAL: IWG\Exception\EValidation: Validation errors (uncaught exception) at /code/classes/Controller/UnifiedController.php line 128 {"exception":"[object] (IWG\\Exception\\EValidation(code: 400): Validation errors at /code/classes/Controller/UnifiedController.php:128)"} []
[2016-10-18 21:37:46] app.DEBUG: < 400 [] []
[2016-10-18 21:38:47] app.INFO: Matched route "book-list". {"route_parameters":{"_controller":["[object] (IWG\\Controller\\BookController: {})","getListUnified"],"_route":"book-list"},"request_uri":"http://php-docker.local:8080/books/"} []
[2016-10-18 21:38:47] app.DEBUG: > GET /books/ [] []
[2016-10-18 21:38:47] app.INFO: Matched route "author-list". {"route_parameters":{"_controller":["[object] (IWG\\Controller\\AuthorController: {})","getListUnified"],"_route":"author-list"},"request_uri":"http://php-docker.local:8080/authors/"} []
[2016-10-18 21:38:47] app.DEBUG: > GET /authors/ [] []
[2016-10-18 21:38:47] app.INFO: Matched route "category-list". {"route_parameters":{"_controller":["[object] (IWG\\Controller\\CategoryController: {})","getListUnified"],"_route":"category-list"},"request_uri":"http://php-docker.local:8080/categories/"} []
[2016-10-18 21:38:47] app.DEBUG: > GET /categories/ [] []
[2016-10-18 21:38:47] app.DEBUG: < 200 [] []
[2016-10-18 21:38:47] app.DEBUG: < 200 [] []
[2016-10-18 21:38:47] app.DEBUG: < 200 [] []
[2016-10-18 21:38:49] app.INFO: Matched route "category-list". {"route_parameters":{"_controller":["[object] (IWG\\Controller\\CategoryController: {})","getListUnified"],"_route":"category-list"},"request_uri":"http://php-docker.local:8080/categories/"} []
[2016-10-18 21:38:49] app.DEBUG: > GET /categories/ [] []
[2016-10-18 21:38:49] app.DEBUG: < 200 [] []
[2016-10-18 21:38:52] app.INFO: Matched route "POST_categories_". {"route_parameters":{"_controller":["[object] (IWG\\Controller\\CategoryController: {})","postEntityUnified"],"_route":"POST_categories_"},"request_uri":"http://php-docker.local:8080/categories/"} []
[2016-10-18 21:38:52] app.DEBUG: > POST /categories/ [] []
[2016-10-18 21:38:52] app.CRITICAL: IWG\Exception\EValidation: Validation errors (uncaught exception) at /code/classes/Controller/UnifiedController.php line 128 {"exception":"[object] (IWG\\Exception\\EValidation(code: 400): Validation errors at /code/classes/Controller/UnifiedController.php:128)"} []
[2016-10-18 21:38:52] app.DEBUG: < 400 [] []
[2016-10-18 21:52:58] app.INFO: Matched route "GET_". {"route_parameters":{"_controller":"[object] (Closure: {})","_route":"GET_"},"request_uri":"http://php-docker.local:8080/"} []
[2016-10-18 21:52:58] app.DEBUG: > GET / [] []
[2016-10-18 21:52:58] app.DEBUG: < 302 /front/index.html [] []
[2016-10-18 21:52:59] app.INFO: Matched route "book-list". {"route_parameters":{"_controller":["[object] (IWG\\Controller\\BookController: {})","getListUnified"],"_route":"book-list"},"request_uri":"http://php-docker.local:8080/books/"} []
[2016-10-18 21:52:59] app.DEBUG: > GET /books/ [] []
[2016-10-18 21:52:59] app.INFO: Matched route "author-list". {"route_parameters":{"_controller":["[object] (IWG\\Controller\\AuthorController: {})","getListUnified"],"_route":"author-list"},"request_uri":"http://php-docker.local:8080/authors/"} []
[2016-10-18 21:52:59] app.DEBUG: > GET /authors/ [] []
[2016-10-18 21:52:59] app.INFO: Matched route "category-list". {"route_parameters":{"_controller":["[object] (IWG\\Controller\\CategoryController: {})","getListUnified"],"_route":"category-list"},"request_uri":"http://php-docker.local:8080/categories/"} []
[2016-10-18 21:52:59] app.DEBUG: > GET /categories/ [] []
[2016-10-18 21:52:59] app.DEBUG: < 200 [] []
[2016-10-18 21:52:59] app.DEBUG: < 200 [] []
[2016-10-18 21:52:59] app.DEBUG: < 200 [] []
[2016-10-18 21:53:01] app.INFO: Matched route "category-list". {"route_parameters":{"_controller":["[object] (IWG\\Controller\\CategoryController: {})","getListUnified"],"_route":"category-list"},"request_uri":"http://php-docker.local:8080/categories/"} []
[2016-10-18 21:53:01] app.DEBUG: > GET /categories/ [] []
[2016-10-18 21:53:01] app.DEBUG: < 200 [] []
[2016-10-18 21:53:06] app.INFO: Matched route "PUT_categories_id". {"route_parameters":{"_controller":["[object] (IWG\\Controller\\CategoryController: {})","putEntityUnified"],"id":"2","_route":"PUT_categories_id"},"request_uri":"http://php-docker.local:8080/categories/2"} []
[2016-10-18 21:53:06] app.DEBUG: > PUT /categories/2 [] []
[2016-10-18 21:53:07] app.CRITICAL: IWG\Exception\EValidation: Validation errors (uncaught exception) at /code/classes/Controller/UnifiedController.php line 128 {"exception":"[object] (IWG\\Exception\\EValidation(code: 400): Validation errors at /code/classes/Controller/UnifiedController.php:128)"} []
[2016-10-18 21:53:07] app.DEBUG: < 400 [] []
[2016-10-18 21:53:11] app.INFO: Matched route "author-list". {"route_parameters":{"_controller":["[object] (IWG\\Controller\\AuthorController: {})","getListUnified"],"_route":"author-list"},"request_uri":"http://php-docker.local:8080/authors/"} []
[2016-10-18 21:53:11] app.DEBUG: > GET /authors/ [] []
[2016-10-18 21:53:11] app.DEBUG: < 200 [] []
[2016-10-18 21:53:12] app.INFO: Matched route "book-list". {"route_parameters":{"_controller":["[object] (IWG\\Controller\\BookController: {})","getListUnified"],"_route":"book-list"},"request_uri":"http://php-docker.local:8080/books/"} []
[2016-10-18 21:53:12] app.DEBUG: > GET /books/ [] []
[2016-10-18 21:53:12] app.INFO: Matched route "author-list". {"route_parameters":{"_controller":["[object] (IWG\\Controller\\AuthorController: {})","getListUnified"],"_route":"author-list"},"request_uri":"http://php-docker.local:8080/authors/"} []
[2016-10-18 21:53:12] app.DEBUG: > GET /authors/ [] []
[2016-10-18 21:53:12] app.INFO: Matched route "category-list". {"route_parameters":{"_controller":["[object] (IWG\\Controller\\CategoryController: {})","getListUnified"],"_route":"category-list"},"request_uri":"http://php-docker.local:8080/categories/"} []
[2016-10-18 21:53:12] app.DEBUG: > GET /categories/ [] []
[2016-10-18 21:53:12] app.DEBUG: < 200 [] []
[2016-10-18 21:53:12] app.DEBUG: < 200 [] []
[2016-10-18 21:53:12] app.DEBUG: < 200 [] []
[2016-10-18 21:53:13] app.INFO: Matched route "DELETE_books_id". {"route_parameters":{"_controller":["[object] (IWG\\Controller\\BookController: {})","deleteSingleUnified"],"id":"3","_route":"DELETE_books_id"},"request_uri":"http://php-docker.local:8080/books/3"} []
[2016-10-18 21:53:13] app.DEBUG: > DELETE /books/3 [] []
[2016-10-18 21:53:13] app.DEBUG: < 200 [] []
[2016-10-18 21:53:13] app.INFO: Matched route "book-list". {"route_parameters":{"_controller":["[object] (IWG\\Controller\\BookController: {})","getListUnified"],"_route":"book-list"},"request_uri":"http://php-docker.local:8080/books/"} []
[2016-10-18 21:53:13] app.DEBUG: > GET /books/ [] []
[2016-10-18 21:53:13] app.DEBUG: < 200 [] []
[2016-10-18 21:53:15] app.ERROR: Symfony\Component\HttpKernel\Exception\NotFoundHttpException: No route found for "DELETE /books/undefined" (from "http://php-docker.local:8080/front/index.html") (uncaught exception) at /code/vendor/symfony/http-kernel/EventListener/RouterListener.php line 123 {"exception":"[object] (Symfony\\Component\\HttpKernel\\Exception\\NotFoundHttpException(code: 0): No route found for \"DELETE /books/undefined\" (from \"http://php-docker.local:8080/front/index.html\") at /code/vendor/symfony/http-kernel/EventListener/RouterListener.php:123, Symfony\\Component\\Routing\\Exception\\ResourceNotFoundException(code: 0): No routes found for \"/books/undefined\". at /code/vendor/symfony/routing/Matcher/UrlMatcher.php:98)"} []
[2016-10-18 21:55:09] app.INFO: Matched route "category-list". {"route_parameters":{"_controller":["[object] (IWG\\Controller\\CategoryController: {})","getListUnified"],"_route":"category-list"},"request_uri":"http://php-docker.local:8080/categories/"} []
[2016-10-18 21:55:09] app.DEBUG: > GET /categories/ [] []
[2016-10-18 21:55:09] app.DEBUG: < 200 [] []
[2016-10-18 21:55:10] app.INFO: Matched route "author-list". {"route_parameters":{"_controller":["[object] (IWG\\Controller\\AuthorController: {})","getListUnified"],"_route":"author-list"},"request_uri":"http://php-docker.local:8080/authors/"} []
[2016-10-18 21:55:10] app.DEBUG: > GET /authors/ [] []
[2016-10-18 21:55:10] app.DEBUG: < 200 [] []
[2016-10-18 21:55:10] app.INFO: Matched route "book-list". {"route_parameters":{"_controller":["[object] (IWG\\Controller\\BookController: {})","getListUnified"],"_route":"book-list"},"request_uri":"http://php-docker.local:8080/books/"} []
[2016-10-18 21:55:10] app.DEBUG: > GET /books/ [] []
[2016-10-18 21:55:10] app.INFO: Matched route "category-list". {"route_parameters":{"_controller":["[object] (IWG\\Controller\\CategoryController: {})","getListUnified"],"_route":"category-list"},"request_uri":"http://php-docker.local:8080/categories/"} []
[2016-10-18 21:55:10] app.DEBUG: > GET /categories/ [] []
[2016-10-18 21:55:10] app.INFO: Matched route "author-list". {"route_parameters":{"_controller":["[object] (IWG\\Controller\\AuthorController: {})","getListUnified"],"_route":"author-list"},"request_uri":"http://php-docker.local:8080/authors/"} []
[2016-10-18 21:55:10] app.DEBUG: > GET /authors/ [] []
[2016-10-18 21:55:10] app.DEBUG: < 200 [] []
[2016-10-18 21:55:10] app.DEBUG: < 200 [] []
[2016-10-18 21:55:10] app.DEBUG: < 200 [] []
[2016-10-18 21:55:16] app.INFO: Matched route "author-list". {"route_parameters":{"_controller":["[object] (IWG\\Controller\\AuthorController: {})","getListUnified"],"_route":"author-list"},"request_uri":"http://php-docker.local:8080/authors/"} []
[2016-10-18 21:55:16] app.DEBUG: > GET /authors/ [] []
[2016-10-18 21:55:16] app.DEBUG: < 200 [] []
[2016-10-18 21:55:18] app.INFO: Matched route "category-list". {"route_parameters":{"_controller":["[object] (IWG\\Controller\\CategoryController: {})","getListUnified"],"_route":"category-list"},"request_uri":"http://php-docker.local:8080/categories/"} []
[2016-10-18 21:55:18] app.DEBUG: > GET /categories/ [] []
[2016-10-18 21:55:18] app.DEBUG: < 200 [] []
[2016-10-18 21:55:18] app.INFO: Matched route "author-list". {"route_parameters":{"_controller":["[object] (IWG\\Controller\\AuthorController: {})","getListUnified"],"_route":"author-list"},"request_uri":"http://php-docker.local:8080/authors/"} []
[2016-10-18 21:55:18] app.DEBUG: > GET /authors/ [] []
[2016-10-18 21:55:18] app.DEBUG: < 200 [] []
[2016-10-18 21:55:19] app.INFO: Matched route "book-list". {"route_parameters":{"_controller":["[object] (IWG\\Controller\\BookController: {})","getListUnified"],"_route":"book-list"},"request_uri":"http://php-docker.local:8080/books/"} []
[2016-10-18 21:55:19] app.DEBUG: > GET /books/ [] []
[2016-10-18 21:55:19] app.INFO: Matched route "author-list". {"route_parameters":{"_controller":["[object] (IWG\\Controller\\AuthorController: {})","getListUnified"],"_route":"author-list"},"request_uri":"http://php-docker.local:8080/authors/"} []
[2016-10-18 21:55:19] app.DEBUG: > GET /authors/ [] []
[2016-10-18 21:55:19] app.INFO: Matched route "category-list". {"route_parameters":{"_controller":["[object] (IWG\\Controller\\CategoryController: {})","getListUnified"],"_route":"category-list"},"request_uri":"http://php-docker.local:8080/categories/"} []
[2016-10-18 21:55:19] app.DEBUG: > GET /categories/ [] []
[2016-10-18 21:55:19] app.DEBUG: < 200 [] []
[2016-10-18 21:55:19] app.DEBUG: < 200 [] []
[2016-10-18 21:55:19] app.DEBUG: < 200 [] []
[2016-10-18 21:55:25] app.INFO: Matched route "POST_books_". {"route_parameters":{"_controller":["[object] (IWG\\Controller\\BookController: {})","postEntityUnified"],"_route":"POST_books_"},"request_uri":"http://php-docker.local:8080/books/"} []
[2016-10-18 21:55:25] app.DEBUG: > POST /books/ [] []
[2016-10-18 21:55:25] app.DEBUG: < 201 [] []
[2016-10-18 21:55:25] app.INFO: Matched route "PUT_books_id_category". {"route_parameters":{"_controller":["[object] (IWG\\Controller\\BookController: {})","putCategory"],"id":"4","_route":"PUT_books_id_category"},"request_uri":"http://php-docker.local:8080/books/4/category"} []
[2016-10-18 21:55:25] app.DEBUG: > PUT /books/4/category [] []
[2016-10-18 21:55:25] app.INFO: Matched route "PUT_books_id_authors". {"route_parameters":{"_controller":["[object] (IWG\\Controller\\BookController: {})","putAuthors"],"id":"4","_route":"PUT_books_id_authors"},"request_uri":"http://php-docker.local:8080/books/4/authors"} []
[2016-10-18 21:55:25] app.DEBUG: > PUT /books/4/authors [] []
[2016-10-18 21:55:25] app.DEBUG: < 204 [] []
[2016-10-18 21:55:25] app.DEBUG: < 204 [] []
[2016-10-18 21:55:25] app.INFO: Matched route "book". {"route_parameters":{"_controller":["[object] (IWG\\Controller\\BookController: {})","getSingleUnified"],"id":"4","_route":"book"},"request_uri":"http://php-docker.local:8080/books/4"} []
[2016-10-18 21:55:25] app.DEBUG: > GET /books/4 [] []
[2016-10-18 21:55:25] app.DEBUG: < 200 [] []
[2016-10-18 21:55:29] app.INFO: Matched route "POST_books_". {"route_parameters":{"_controller":["[object] (IWG\\Controller\\BookController: {})","postEntityUnified"],"_route":"POST_books_"},"request_uri":"http://php-docker.local:8080/books/"} []
[2016-10-18 21:55:29] app.DEBUG: > POST /books/ [] []
[2016-10-18 21:55:30] app.DEBUG: < 201 [] []
[2016-10-18 21:55:30] app.INFO: Matched route "PUT_books_id_authors". {"route_parameters":{"_controller":["[object] (IWG\\Controller\\BookController: {})","putAuthors"],"id":"5","_route":"PUT_books_id_authors"},"request_uri":"http://php-docker.local:8080/books/5/authors"} []
[2016-10-18 21:55:30] app.DEBUG: > PUT /books/5/authors [] []
[2016-10-18 21:55:30] app.INFO: Matched route "PUT_books_id_category". {"route_parameters":{"_controller":["[object] (IWG\\Controller\\BookController: {})","putCategory"],"id":"5","_route":"PUT_books_id_category"},"request_uri":"http://php-docker.local:8080/books/5/category"} []
[2016-10-18 21:55:30] app.DEBUG: > PUT /books/5/category [] []
[2016-10-18 21:55:30] app.DEBUG: < 204 [] []
[2016-10-18 21:55:30] app.DEBUG: < 204 [] []
[2016-10-18 21:55:30] app.INFO: Matched route "book". {"route_parameters":{"_controller":["[object] (IWG\\Controller\\BookController: {})","getSingleUnified"],"id":"5","_route":"book"},"request_uri":"http://php-docker.local:8080/books/5"} []
[2016-10-18 21:55:30] app.DEBUG: > GET /books/5 [] []
[2016-10-18 21:55:30] app.DEBUG: < 200 [] []
[2016-10-18 21:55:33] app.INFO: Matched route "category-list". {"route_parameters":{"_controller":["[object] (IWG\\Controller\\CategoryController: {})","getListUnified"],"_route":"category-list"},"request_uri":"http://php-docker.local:8080/categories/"} []
[2016-10-18 21:55:33] app.DEBUG: > GET /categories/ [] []
[2016-10-18 21:55:33] app.DEBUG: < 200 [] []
[2016-10-18 21:55:35] app.INFO: Matched route "author-list". {"route_parameters":{"_controller":["[object] (IWG\\Controller\\AuthorController: {})","getListUnified"],"_route":"author-list"},"request_uri":"http://php-docker.local:8080/authors/"} []
[2016-10-18 21:55:35] app.DEBUG: > GET /authors/ [] []
[2016-10-18 21:55:35] app.DEBUG: < 200 [] []
[2016-10-18 21:55:37] app.INFO: Matched route "book-list". {"route_parameters":{"_controller":["[object] (IWG\\Controller\\BookController: {})","getListUnified"],"_route":"book-list"},"request_uri":"http://php-docker.local:8080/books/"} []
[2016-10-18 21:55:37] app.DEBUG: > GET /books/ [] []
[2016-10-18 21:55:37] app.INFO: Matched route "author-list". {"route_parameters":{"_controller":["[object] (IWG\\Controller\\AuthorController: {})","getListUnified"],"_route":"author-list"},"request_uri":"http://php-docker.local:8080/authors/"} []
[2016-10-18 21:55:37] app.DEBUG: > GET /authors/ [] []
[2016-10-18 21:55:37] app.INFO: Matched route "category-list". {"route_parameters":{"_controller":["[object] (IWG\\Controller\\CategoryController: {})","getListUnified"],"_route":"category-list"},"request_uri":"http://php-docker.local:8080/categories/"} []
[2016-10-18 21:55:37] app.DEBUG: > GET /categories/ [] []
[2016-10-18 21:55:37] app.DEBUG: < 200 [] []
[2016-10-18 21:55:37] app.DEBUG: < 200 [] []
[2016-10-18 21:55:37] app.DEBUG: < 200 [] []
[2016-10-18 21:55:38] app.INFO: Matched route "author-list". {"route_parameters":{"_controller":["[object] (IWG\\Controller\\AuthorController: {})","getListUnified"],"_route":"author-list"},"request_uri":"http://php-docker.local:8080/authors/"} []
[2016-10-18 21:55:38] app.DEBUG: > GET /authors/ [] []
[2016-10-18 21:55:38] app.DEBUG: < 200 [] []
[2016-10-18 21:55:38] app.INFO: Matched route "category-list". {"route_parameters":{"_controller":["[object] (IWG\\Controller\\CategoryController: {})","getListUnified"],"_route":"category-list"},"request_uri":"http://php-docker.local:8080/categories/"} []
[2016-10-18 21:55:38] app.DEBUG: > GET /categories/ [] []
[2016-10-18 21:55:38] app.DEBUG: < 200 [] []
[2016-10-18 21:55:39] app.INFO: Matched route "author-list". {"route_parameters":{"_controller":["[object] (IWG\\Controller\\AuthorController: {})","getListUnified"],"_route":"author-list"},"request_uri":"http://php-docker.local:8080/authors/"} []
[2016-10-18 21:55:39] app.DEBUG: > GET /authors/ [] []
[2016-10-18 21:55:39] app.DEBUG: < 200 [] []
[2016-10-18 21:55:39] app.INFO: Matched route "book-list". {"route_parameters":{"_controller":["[object] (IWG\\Controller\\BookController: {})","getListUnified"],"_route":"book-list"},"request_uri":"http://php-docker.local:8080/books/"} []
[2016-10-18 21:55:39] app.DEBUG: > GET /books/ [] []
[2016-10-18 21:55:39] app.INFO: Matched route "author-list". {"route_parameters":{"_controller":["[object] (IWG\\Controller\\AuthorController: {})","getListUnified"],"_route":"author-list"},"request_uri":"http://php-docker.local:8080/authors/"} []
[2016-10-18 21:55:39] app.DEBUG: > GET /authors/ [] []
[2016-10-18 21:55:39] app.INFO: Matched route "category-list". {"route_parameters":{"_controller":["[object] (IWG\\Controller\\CategoryController: {})","getListUnified"],"_route":"category-list"},"request_uri":"http://php-docker.local:8080/categories/"} []
[2016-10-18 21:55:39] app.DEBUG: > GET /categories/ [] []
[2016-10-18 21:55:39] app.DEBUG: < 200 [] []
[2016-10-18 21:55:39] app.DEBUG: < 200 [] []
[2016-10-18 21:55:39] app.DEBUG: < 200 [] []
[2016-10-18 21:56:33] app.INFO: Matched route "book-list". {"route_parameters":{"_controller":["[object] (IWG\\Controller\\BookController: {})","getListUnified"],"_route":"book-list"},"request_uri":"http://php-docker.local:8080/books/"} []
[2016-10-18 21:56:33] app.DEBUG: > GET /books/ [] []
[2016-10-18 21:56:33] app.INFO: Matched route "author-list". {"route_parameters":{"_controller":["[object] (IWG\\Controller\\AuthorController: {})","getListUnified"],"_route":"author-list"},"request_uri":"http://php-docker.local:8080/authors/"} []
[2016-10-18 21:56:33] app.DEBUG: > GET /authors/ [] []
[2016-10-18 21:56:33] app.DEBUG: < 200 [] []
[2016-10-18 21:56:33] app.DEBUG: < 200 [] []
[2016-10-18 21:56:33] app.INFO: Matched route "category-list". {"route_parameters":{"_controller":["[object] (IWG\\Controller\\CategoryController: {})","getListUnified"],"_route":"category-list"},"request_uri":"http://php-docker.local:8080/categories/"} []
[2016-10-18 21:56:33] app.DEBUG: > GET /categories/ [] []
[2016-10-18 21:56:33] app.DEBUG: < 200 [] []
[2016-10-21 17:57:32] app.INFO: Matched route "GET_". {"route_parameters":{"_controller":"[object] (Closure: {})","_route":"GET_"},"request_uri":"http://php-docker.local:8080/"} []
[2016-10-21 17:57:32] app.DEBUG: > GET / [] []
[2016-10-21 17:57:32] app.DEBUG: < 302 /front/index.html [] []
[2016-10-21 17:57:32] app.INFO: Matched route "book-list". {"route_parameters":{"_controller":["[object] (IWG\\Controller\\BookController: {})","getListUnified"],"_route":"book-list"},"request_uri":"http://php-docker.local:8080/books/"} []
[2016-10-21 17:57:32] app.DEBUG: > GET /books/ [] []
[2016-10-21 17:57:32] app.INFO: Matched route "author-list". {"route_parameters":{"_controller":["[object] (IWG\\Controller\\AuthorController: {})","getListUnified"],"_route":"author-list"},"request_uri":"http://php-docker.local:8080/authors/"} []
[2016-10-21 17:57:32] app.DEBUG: > GET /authors/ [] []
[2016-10-21 17:57:32] app.CRITICAL: Doctrine\DBAL\Exception\ConnectionException: An exception occured in driver: SQLSTATE[08006] [7] FATAL:  role "iway" does not exist (uncaught exception) at /code/vendor/doctrine/dbal/lib/Doctrine/DBAL/Driver/AbstractPostgreSQLDriver.php line 85 {"exception":"[object] (Doctrine\\DBAL\\Exception\\ConnectionException(code: 0): An exception occured in driver: SQLSTATE[08006] [7] FATAL:  role \"iway\" does not exist at /code/vendor/doctrine/dbal/lib/Doctrine/DBAL/Driver/AbstractPostgreSQLDriver.php:85, Doctrine\\DBAL\\Driver\\PDOException(code: 7): SQLSTATE[08006] [7] FATAL:  role \"iway\" does not exist at /code/vendor/doctrine/dbal/lib/Doctrine/DBAL/Driver/PDOConnection.php:47, PDOException(code: 7): SQLSTATE[08006] [7] FATAL:  role \"iway\" does not exist at /code/vendor/doctrine/dbal/lib/Doctrine/DBAL/Driver/PDOConnection.php:43)"} []
[2016-10-21 17:57:32] app.CRITICAL: Doctrine\DBAL\Exception\ConnectionException: An exception occured in driver: SQLSTATE[08006] [7] FATAL:  role "iway" does not exist (uncaught exception) at /code/vendor/doctrine/dbal/lib/Doctrine/DBAL/Driver/AbstractPostgreSQLDriver.php line 85 {"exception":"[object] (Doctrine\\DBAL\\Exception\\ConnectionException(code: 0): An exception occured in driver: SQLSTATE[08006] [7] FATAL:  role \"iway\" does not exist at /code/vendor/doctrine/dbal/lib/Doctrine/DBAL/Driver/AbstractPostgreSQLDriver.php:85, Doctrine\\DBAL\\Driver\\PDOException(code: 7): SQLSTATE[08006] [7] FATAL:  role \"iway\" does not exist at /code/vendor/doctrine/dbal/lib/Doctrine/DBAL/Driver/PDOConnection.php:47, PDOException(code: 7): SQLSTATE[08006] [7] FATAL:  role \"iway\" does not exist at /code/vendor/doctrine/dbal/lib/Doctrine/DBAL/Driver/PDOConnection.php:43)"} []
[2016-10-21 17:57:32] app.INFO: Matched route "category-list". {"route_parameters":{"_controller":["[object] (IWG\\Controller\\CategoryController: {})","getListUnified"],"_route":"category-list"},"request_uri":"http://php-docker.local:8080/categories/"} []
[2016-10-21 17:57:32] app.DEBUG: > GET /categories/ [] []
[2016-10-21 17:57:32] app.ERROR: Symfony\Component\HttpKernel\Exception\NotFoundHttpException: No route found for "GET /favicon.ico" (from "http://php-docker.local:8080/front/index.html") (uncaught exception) at /code/vendor/symfony/http-kernel/EventListener/RouterListener.php line 123 {"exception":"[object] (Symfony\\Component\\HttpKernel\\Exception\\NotFoundHttpException(code: 0): No route found for \"GET /favicon.ico\" (from \"http://php-docker.local:8080/front/index.html\") at /code/vendor/symfony/http-kernel/EventListener/RouterListener.php:123, Symfony\\Component\\Routing\\Exception\\ResourceNotFoundException(code: 0): No routes found for \"/favicon.ico\". at /code/vendor/symfony/routing/Matcher/UrlMatcher.php:98)"} []
[2016-10-21 17:57:33] app.CRITICAL: Doctrine\DBAL\Exception\ConnectionException: An exception occured in driver: SQLSTATE[08006] [7] FATAL:  role "iway" does not exist (uncaught exception) at /code/vendor/doctrine/dbal/lib/Doctrine/DBAL/Driver/AbstractPostgreSQLDriver.php line 85 {"exception":"[object] (Doctrine\\DBAL\\Exception\\ConnectionException(code: 0): An exception occured in driver: SQLSTATE[08006] [7] FATAL:  role \"iway\" does not exist at /code/vendor/doctrine/dbal/lib/Doctrine/DBAL/Driver/AbstractPostgreSQLDriver.php:85, Doctrine\\DBAL\\Driver\\PDOException(code: 7): SQLSTATE[08006] [7] FATAL:  role \"iway\" does not exist at /code/vendor/doctrine/dbal/lib/Doctrine/DBAL/Driver/PDOConnection.php:47, PDOException(code: 7): SQLSTATE[08006] [7] FATAL:  role \"iway\" does not exist at /code/vendor/doctrine/dbal/lib/Doctrine/DBAL/Driver/PDOConnection.php:43)"} []
